<?xml version="1.0" encoding="UTF-8"?>
<!-- Generated by org.testng.reporters.JUnitXMLReporter -->
<testsuite hostname="DESKTOP-CH574A2" ignored="0" name="Test" tests="21" failures="1" timestamp="2022-04-22T16:50:43 EDT" time="100.127" errors="0">
  <testcase name="loginPageTitle" time="0.016" classname="com.ap.qa.testcases.LoginPageTest"/>
  <testcase name="topImageResponsiveTest" time="0.302" classname="com.ap.qa.testcases.LoginPageTest">
    <failure type="org.openqa.selenium.InvalidSelectorException" message="invalid selector: Unable to locate an element with the xpath expression //img[@class=&amp;apos;img-responsive&amp;apos;]/ because of the following error:
SyntaxError: Failed to execute &amp;apos;evaluate&amp;apos; on &amp;apos;Document&amp;apos;: The string &amp;apos;//img[@class=&amp;apos;img-responsive&amp;apos;]/&amp;apos; is not a valid XPath expression.
  (Session info: chrome=100.0.4896.127)
For documentation on this error, please visit: https://selenium.dev/exceptions/#invalid_selector_exception
Build info: version: &amp;apos;4.1.3&amp;apos;, revision: &amp;apos;7b1ebf28ef&amp;apos;
System info: host: &amp;apos;DESKTOP-CH574A2&amp;apos;, ip: &amp;apos;192.168.2.42&amp;apos;, os.name: &amp;apos;Windows 10&amp;apos;, os.arch: &amp;apos;amd64&amp;apos;, os.version: &amp;apos;10.0&amp;apos;, java.version: &amp;apos;1.8.0_321&amp;apos;
Driver info: org.openqa.selenium.chrome.ChromeDriver
Command: [066817e3f960989d005d775dcea2843d, findElement {using=xpath, value=//img[@class=&amp;apos;img-responsive&amp;apos;]/}]
Capabilities {acceptInsecureCerts: false, browserName: chrome, browserVersion: 100.0.4896.127, chrome: {chromedriverVersion: 99.0.4844.51 (d537ec02474b5..., userDataDir: C:\Users\12896\AppData\Loca...}, goog:chromeOptions: {debuggerAddress: localhost:53405}, javascriptEnabled: true, networkConnectionEnabled: false, pageLoadStrategy: normal, platform: WINDOWS, platformName: WINDOWS, proxy: Proxy(), se:cdp: ws://localhost:53405/devtoo..., se:cdpVersion: 100.0.4896.127, setWindowRect: true, strictFileInteractability: false, timeouts: {implicit: 0, pageLoad: 300000, script: 30000}, unhandledPromptBehavior: dismiss and notify, webauthn:extension:credBlob: true, webauthn:extension:largeBlob: true, webauthn:virtualAuthenticators: true}
Session ID: 066817e3f960989d005d775dcea2843d">
      <![CDATA[org.openqa.selenium.InvalidSelectorException: invalid selector: Unable to locate an element with the xpath expression //img[@class='img-responsive']/ because of the following error:
SyntaxError: Failed to execute 'evaluate' on 'Document': The string '//img[@class='img-responsive']/' is not a valid XPath expression.
  (Session info: chrome=100.0.4896.127)
For documentation on this error, please visit: https://selenium.dev/exceptions/#invalid_selector_exception
Build info: version: '4.1.3', revision: '7b1ebf28ef'
System info: host: 'DESKTOP-CH574A2', ip: '192.168.2.42', os.name: 'Windows 10', os.arch: 'amd64', os.version: '10.0', java.version: '1.8.0_321'
Driver info: org.openqa.selenium.chrome.ChromeDriver
Command: [066817e3f960989d005d775dcea2843d, findElement {using=xpath, value=//img[@class='img-responsive']/}]
Capabilities {acceptInsecureCerts: false, browserName: chrome, browserVersion: 100.0.4896.127, chrome: {chromedriverVersion: 99.0.4844.51 (d537ec02474b5..., userDataDir: C:\Users\12896\AppData\Loca...}, goog:chromeOptions: {debuggerAddress: localhost:53405}, javascriptEnabled: true, networkConnectionEnabled: false, pageLoadStrategy: normal, platform: WINDOWS, platformName: WINDOWS, proxy: Proxy(), se:cdp: ws://localhost:53405/devtoo..., se:cdpVersion: 100.0.4896.127, setWindowRect: true, strictFileInteractability: false, timeouts: {implicit: 0, pageLoad: 300000, script: 30000}, unhandledPromptBehavior: dismiss and notify, webauthn:extension:credBlob: true, webauthn:extension:largeBlob: true, webauthn:virtualAuthenticators: true}
Session ID: 066817e3f960989d005d775dcea2843d
at org.openqa.selenium.remote.codec.w3c.W3CHttpResponseCodec.createException(W3CHttpResponseCodec.java:200)
at org.openqa.selenium.remote.codec.w3c.W3CHttpResponseCodec.decode(W3CHttpResponseCodec.java:133)
at org.openqa.selenium.remote.codec.w3c.W3CHttpResponseCodec.decode(W3CHttpResponseCodec.java:53)
at org.openqa.selenium.remote.HttpCommandExecutor.execute(HttpCommandExecutor.java:184)
at org.openqa.selenium.remote.service.DriverCommandExecutor.invokeExecute(DriverCommandExecutor.java:167)
at org.openqa.selenium.remote.service.DriverCommandExecutor.execute(DriverCommandExecutor.java:142)
at org.openqa.selenium.remote.RemoteWebDriver.execute(RemoteWebDriver.java:567)
at org.openqa.selenium.remote.ElementLocation$ElementFinder$2.findElement(ElementLocation.java:162)
at org.openqa.selenium.remote.ElementLocation.findElement(ElementLocation.java:60)
at org.openqa.selenium.remote.RemoteWebDriver.findElement(RemoteWebDriver.java:385)
at org.openqa.selenium.remote.RemoteWebDriver.findElement(RemoteWebDriver.java:377)
at org.openqa.selenium.support.events.EventFiringWebDriver.lambda$new$1(EventFiringWebDriver.java:115)
at com.sun.proxy.$Proxy12.findElement(Unknown Source)
at org.openqa.selenium.support.events.EventFiringWebDriver.findElement(EventFiringWebDriver.java:204)
at org.openqa.selenium.support.pagefactory.DefaultElementLocator.findElement(DefaultElementLocator.java:70)
at org.openqa.selenium.support.pagefactory.internal.LocatingElementHandler.invoke(LocatingElementHandler.java:39)
at com.sun.proxy.$Proxy16.isDisplayed(Unknown Source)
at com.ap.qa.pages.LoginPage.topImageResponsive(LoginPage.java:71)
at com.ap.qa.testcases.LoginPageTest.topImageResponsiveTest(LoginPageTest.java:37)
at java.util.ArrayList.forEach(Unknown Source)
... Removed 35 stack frames]]>
    </failure>
  </testcase> <!-- topImageResponsiveTest -->
  <testcase name="shopPhNoTest" time="0.058" classname="com.ap.qa.testcases.LoginPageTest"/>
  <testcase name="contactUsTest" time="0.043" classname="com.ap.qa.testcases.LoginPageTest"/>
  <testcase name="signInTopBtnTest" time="0.037" classname="com.ap.qa.testcases.LoginPageTest"/>
  <testcase name="shopLogoTest" time="0.034" classname="com.ap.qa.testcases.LoginPageTest"/>
  <testcase name="searchBarTest" time="0.033" classname="com.ap.qa.testcases.LoginPageTest"/>
  <testcase name="cartTest" time="0.032" classname="com.ap.qa.testcases.LoginPageTest"/>
  <testcase name="homeTest" time="0.034" classname="com.ap.qa.testcases.LoginPageTest"/>
  <testcase name="headerTest" time="0.036" classname="com.ap.qa.testcases.LoginPageTest"/>
  <testcase name="emailCreateTest" time="0.034" classname="com.ap.qa.testcases.LoginPageTest"/>
  <testcase name="createAnAccountTest" time="0.035" classname="com.ap.qa.testcases.LoginPageTest"/>
  <testcase name="forgotYourPasswordTest" time="0.029" classname="com.ap.qa.testcases.LoginPageTest"/>
  <testcase name="footerSectionTest" time="0.031" classname="com.ap.qa.testcases.LoginPageTest"/>
  <testcase name="login" time="3.05" classname="com.ap.qa.testcases.LoginPageTest"/>
  <testcase name="accountPageTitleTest" time="0.008" classname="com.ap.qa.testcases.AccountPageTest"/>
  <testcase name="AccountPageLinkTest" time="0.025" classname="com.ap.qa.testcases.AccountPageTest"/>
  <testcase name="clickOnWomenHeaderLinkTest" time="1.36" classname="com.ap.qa.testcases.AccountPageTest"/>
  <testcase name="womenPageLinkTest" time="0.005" classname="com.ap.qa.testcases.WomenPageTest"/>
  <testcase name="womenPageBannerTest" time="0.031" classname="com.ap.qa.testcases.WomenPageTest"/>
  <testcase name="getCategoryList" time="0.158" classname="com.ap.qa.testcases.WomenPageTest"/>
</testsuite> <!-- Test -->
